  [1m[35m (4.2ms)[0m  [1m[35mCREATE TABLE "schema_migrations" ("version" varchar NOT NULL PRIMARY KEY)[0m
  [1m[35m (3.5ms)[0m  [1m[35mCREATE TABLE "ar_internal_metadata" ("key" varchar NOT NULL PRIMARY KEY, "value" varchar, "created_at" datetime(6) NOT NULL, "updated_at" datetime(6) NOT NULL)[0m
  [1m[36mActiveRecord::SchemaMigration Pluck (0.1ms)[0m  [1m[34mSELECT "schema_migrations"."version" FROM "schema_migrations" ORDER BY "schema_migrations"."version" ASC[0m
Migrating to CreateBooks (20230726052252)
  [1m[36mTRANSACTION (0.1ms)[0m  [1m[36mbegin transaction[0m
  [1m[35m (0.2ms)[0m  [1m[35mCREATE TABLE "books" ("id" integer PRIMARY KEY AUTOINCREMENT NOT NULL, "title" varchar, "memo" text, "created_at" datetime(6) NOT NULL, "updated_at" datetime(6) NOT NULL)[0m
  [1m[36mActiveRecord::SchemaMigration Create (0.1ms)[0m  [1m[32mINSERT INTO "schema_migrations" ("version") VALUES (?)[0m  [["version", "20230726052252"]]
  [1m[36mTRANSACTION (3.8ms)[0m  [1m[36mcommit transaction[0m
  [1m[36mActiveRecord::InternalMetadata Load (0.1ms)[0m  [1m[34mSELECT "ar_internal_metadata".* FROM "ar_internal_metadata" WHERE "ar_internal_metadata"."key" = ? LIMIT ?[0m  [["key", "environment"], ["LIMIT", 1]]
  [1m[36mTRANSACTION (0.0ms)[0m  [1m[36mbegin transaction[0m
  [1m[36mActiveRecord::InternalMetadata Create (0.1ms)[0m  [1m[32mINSERT INTO "ar_internal_metadata" ("key", "value", "created_at", "updated_at") VALUES (?, ?, ?, ?)[0m  [["key", "environment"], ["value", "development"], ["created_at", "2023-07-26 05:22:57.853368"], ["updated_at", "2023-07-26 05:22:57.853368"]]
  [1m[36mTRANSACTION (3.2ms)[0m  [1m[36mcommit transaction[0m
  [1m[36mActiveRecord::SchemaMigration Pluck (0.0ms)[0m  [1m[34mSELECT "schema_migrations"."version" FROM "schema_migrations" ORDER BY "schema_migrations"."version" ASC[0m
Started GET "/" for 127.0.0.1 at 2023-07-26 14:23:23 +0900
  [1m[36mActiveRecord::SchemaMigration Pluck (0.1ms)[0m  [1m[34mSELECT "schema_migrations"."version" FROM "schema_migrations" ORDER BY "schema_migrations"."version" ASC[0m
Processing by Rails::WelcomeController#index as HTML
  Rendering /home/y-honbo-gs/.rbenv/versions/3.2.2/lib/ruby/gems/3.2.0/gems/railties-7.0.6/lib/rails/templates/rails/welcome/index.html.erb
  Rendered /home/y-honbo-gs/.rbenv/versions/3.2.2/lib/ruby/gems/3.2.0/gems/railties-7.0.6/lib/rails/templates/rails/welcome/index.html.erb (Duration: 1.0ms | Allocations: 633)
Completed 200 OK in 14ms (Views: 4.1ms | ActiveRecord: 0.0ms | Allocations: 7385)


Started GET "/books" for 127.0.0.1 at 2023-07-26 14:23:37 +0900
Processing by BooksController#index as HTML
  Rendering layout layouts/application.html.erb
  Rendering books/index.html.erb within layouts/application
  [1m[36mBook Load (0.2ms)[0m  [1m[34mSELECT "books".* FROM "books"[0m
  â†³ app/views/books/index.html.erb:6
  Rendered books/index.html.erb within layouts/application (Duration: 3.4ms | Allocations: 1341)
  Rendered layout layouts/application.html.erb (Duration: 184.7ms | Allocations: 92627)
Completed 200 OK in 188ms (Views: 185.6ms | ActiveRecord: 0.2ms | Allocations: 94313)


Started GET "/books/new" for 127.0.0.1 at 2023-07-26 14:23:46 +0900
Processing by BooksController#new as HTML
  Rendering layout layouts/application.html.erb
  Rendering books/new.html.erb within layouts/application
  Rendered books/_form.html.erb (Duration: 5.2ms | Allocations: 2918)
  Rendered books/new.html.erb within layouts/application (Duration: 6.0ms | Allocations: 3243)
  Rendered layout layouts/application.html.erb (Duration: 7.8ms | Allocations: 5349)
Completed 200 OK in 14ms (Views: 8.3ms | ActiveRecord: 0.4ms | Allocations: 9912)


Started POST "/books" for 127.0.0.1 at 2023-07-26 14:24:12 +0900
Processing by BooksController#create as TURBO_STREAM
  Parameters: {"authenticity_token"=>"[FILTERED]", "book"=>{"title"=>"è§£ä½“æ–°æ›¸", "memo"=>"ã‚ªãƒ©ãƒ³ãƒ€"}, "commit"=>"Create Book"}
  [1m[36mTRANSACTION (0.1ms)[0m  [1m[36mbegin transaction[0m
  â†³ app/controllers/books_controller.rb:27:in `block in create'
  [1m[36mBook Create (0.2ms)[0m  [1m[32mINSERT INTO "books" ("title", "memo", "created_at", "updated_at") VALUES (?, ?, ?, ?)[0m  [["title", "è§£ä½“æ–°æ›¸"], ["memo", "ã‚ªãƒ©ãƒ³ãƒ€"], ["created_at", "2023-07-26 05:24:12.584132"], ["updated_at", "2023-07-26 05:24:12.584132"]]
  â†³ app/controllers/books_controller.rb:27:in `block in create'
  [1m[36mTRANSACTION (2.7ms)[0m  [1m[36mcommit transaction[0m
  â†³ app/controllers/books_controller.rb:27:in `block in create'
Redirected to http://127.0.0.1:3000/books/1
Completed 302 Found in 7ms (ActiveRecord: 2.9ms | Allocations: 3749)


Started GET "/books/1" for 127.0.0.1 at 2023-07-26 14:24:12 +0900
Processing by BooksController#show as TURBO_STREAM
  Parameters: {"id"=>"1"}
  [1m[36mBook Load (0.1ms)[0m  [1m[34mSELECT "books".* FROM "books" WHERE "books"."id" = ? LIMIT ?[0m  [["id", 1], ["LIMIT", 1]]
  â†³ app/controllers/books_controller.rb:63:in `set_book'
  Rendering layout layouts/application.html.erb
  Rendering books/show.html.erb within layouts/application
  Rendered books/_book.html.erb (Duration: 0.3ms | Allocations: 193)
  Rendered books/show.html.erb within layouts/application (Duration: 2.4ms | Allocations: 1424)
  Rendered layout layouts/application.html.erb (Duration: 4.1ms | Allocations: 3522)
Completed 200 OK in 7ms (Views: 4.5ms | ActiveRecord: 0.1ms | Allocations: 6151)


Started GET "/books" for 127.0.0.1 at 2023-07-26 14:24:23 +0900
Processing by BooksController#index as HTML
  Rendering layout layouts/application.html.erb
  Rendering books/index.html.erb within layouts/application
  [1m[36mBook Load (0.1ms)[0m  [1m[34mSELECT "books".* FROM "books"[0m
  â†³ app/views/books/index.html.erb:6
  Rendered books/_book.html.erb (Duration: 0.1ms | Allocations: 19)
  Rendered books/index.html.erb within layouts/application (Duration: 2.3ms | Allocations: 955)
  Rendered layout layouts/application.html.erb (Duration: 9.3ms | Allocations: 3060)
Completed 200 OK in 10ms (Views: 9.8ms | ActiveRecord: 0.1ms | Allocations: 3332)


Started GET "/books/1" for 127.0.0.1 at 2023-07-26 14:24:39 +0900
Processing by BooksController#show as HTML
  Parameters: {"id"=>"1"}
  [1m[36mBook Load (0.2ms)[0m  [1m[34mSELECT "books".* FROM "books" WHERE "books"."id" = ? LIMIT ?[0m  [["id", 1], ["LIMIT", 1]]
  â†³ app/controllers/books_controller.rb:63:in `set_book'
  Rendering layout layouts/application.html.erb
  Rendering books/show.html.erb within layouts/application
  Rendered books/_book.html.erb (Duration: 0.1ms | Allocations: 19)
  Rendered books/show.html.erb within layouts/application (Duration: 2.3ms | Allocations: 613)
  Rendered layout layouts/application.html.erb (Duration: 4.9ms | Allocations: 2714)
Completed 200 OK in 8ms (Views: 5.5ms | ActiveRecord: 0.2ms | Allocations: 3465)


Started GET "/books" for 127.0.0.1 at 2023-07-26 14:24:41 +0900
Processing by BooksController#index as HTML
  Rendering layout layouts/application.html.erb
  Rendering books/index.html.erb within layouts/application
  [1m[36mBook Load (0.1ms)[0m  [1m[34mSELECT "books".* FROM "books"[0m
  â†³ app/views/books/index.html.erb:6
  Rendered books/_book.html.erb (Duration: 0.2ms | Allocations: 19)
  Rendered books/index.html.erb within layouts/application (Duration: 2.7ms | Allocations: 936)
  Rendered layout layouts/application.html.erb (Duration: 9.0ms | Allocations: 3041)
Completed 200 OK in 10ms (Views: 9.5ms | ActiveRecord: 0.1ms | Allocations: 3312)


Started GET "/books/new" for 127.0.0.1 at 2023-07-26 14:24:42 +0900
Processing by BooksController#new as HTML
  Rendering layout layouts/application.html.erb
  Rendering books/new.html.erb within layouts/application
  Rendered books/_form.html.erb (Duration: 1.5ms | Allocations: 1007)
  Rendered books/new.html.erb within layouts/application (Duration: 1.8ms | Allocations: 1096)
  Rendered layout layouts/application.html.erb (Duration: 4.2ms | Allocations: 3201)
Completed 200 OK in 5ms (Views: 4.7ms | ActiveRecord: 0.0ms | Allocations: 3475)


Started POST "/books" for 127.0.0.1 at 2023-07-26 14:25:01 +0900
Processing by BooksController#create as TURBO_STREAM
  Parameters: {"authenticity_token"=>"[FILTERED]", "book"=>{"title"=>"ã‚¸ãƒ‘ãƒ³ã‚°", "memo"=>"ãƒ•ãƒ“ãƒ©ã‚¤ãƒãƒ³"}, "commit"=>"Create Book"}
  [1m[36mTRANSACTION (0.1ms)[0m  [1m[36mbegin transaction[0m
  â†³ app/controllers/books_controller.rb:27:in `block in create'
  [1m[36mBook Create (0.2ms)[0m  [1m[32mINSERT INTO "books" ("title", "memo", "created_at", "updated_at") VALUES (?, ?, ?, ?)[0m  [["title", "ã‚¸ãƒ‘ãƒ³ã‚°"], ["memo", "ãƒ•ãƒ“ãƒ©ã‚¤ãƒãƒ³"], ["created_at", "2023-07-26 05:25:01.687019"], ["updated_at", "2023-07-26 05:25:01.687019"]]
  â†³ app/controllers/books_controller.rb:27:in `block in create'
  [1m[36mTRANSACTION (3.5ms)[0m  [1m[36mcommit transaction[0m
  â†³ app/controllers/books_controller.rb:27:in `block in create'
Redirected to http://127.0.0.1:3000/books/2
Completed 302 Found in 8ms (ActiveRecord: 3.8ms | Allocations: 2364)


Started GET "/books/2" for 127.0.0.1 at 2023-07-26 14:25:01 +0900
Processing by BooksController#show as TURBO_STREAM
  Parameters: {"id"=>"2"}
  [1m[36mBook Load (0.1ms)[0m  [1m[34mSELECT "books".* FROM "books" WHERE "books"."id" = ? LIMIT ?[0m  [["id", 2], ["LIMIT", 1]]
  â†³ app/controllers/books_controller.rb:63:in `set_book'
  Rendering layout layouts/application.html.erb
  Rendering books/show.html.erb within layouts/application
  Rendered books/_book.html.erb (Duration: 0.1ms | Allocations: 20)
  Rendered books/show.html.erb within layouts/application (Duration: 0.9ms | Allocations: 632)
  Rendered layout layouts/application.html.erb (Duration: 2.8ms | Allocations: 2729)
Completed 200 OK in 4ms (Views: 3.1ms | ActiveRecord: 0.1ms | Allocations: 3484)


Started GET "/books" for 127.0.0.1 at 2023-07-26 14:25:03 +0900
Processing by BooksController#index as HTML
  Rendering layout layouts/application.html.erb
  Rendering books/index.html.erb within layouts/application
  [1m[36mBook Load (0.1ms)[0m  [1m[34mSELECT "books".* FROM "books"[0m
  â†³ app/views/books/index.html.erb:6
  Rendered books/_book.html.erb (Duration: 0.1ms | Allocations: 19)
  Rendered books/_book.html.erb (Duration: 0.1ms | Allocations: 19)
  Rendered books/index.html.erb within layouts/application (Duration: 2.4ms | Allocations: 1097)
  Rendered layout layouts/application.html.erb (Duration: 4.5ms | Allocations: 3204)
Completed 200 OK in 5ms (Views: 4.9ms | ActiveRecord: 0.1ms | Allocations: 3481)


Started GET "/books/1" for 127.0.0.1 at 2023-07-26 14:25:06 +0900
Processing by BooksController#show as HTML
  Parameters: {"id"=>"1"}
  [1m[36mBook Load (0.1ms)[0m  [1m[34mSELECT "books".* FROM "books" WHERE "books"."id" = ? LIMIT ?[0m  [["id", 1], ["LIMIT", 1]]
  â†³ app/controllers/books_controller.rb:63:in `set_book'
  Rendering layout layouts/application.html.erb
  Rendering books/show.html.erb within layouts/application
  Rendered books/_book.html.erb (Duration: 0.1ms | Allocations: 19)
  Rendered books/show.html.erb within layouts/application (Duration: 1.2ms | Allocations: 598)
  Rendered layout layouts/application.html.erb (Duration: 3.5ms | Allocations: 2695)
Completed 200 OK in 5ms (Views: 3.9ms | ActiveRecord: 0.1ms | Allocations: 3446)


Started GET "/books/1/edit" for 127.0.0.1 at 2023-07-26 14:25:08 +0900
Processing by BooksController#edit as HTML
  Parameters: {"id"=>"1"}
  [1m[36mBook Load (0.1ms)[0m  [1m[34mSELECT "books".* FROM "books" WHERE "books"."id" = ? LIMIT ?[0m  [["id", 1], ["LIMIT", 1]]
  â†³ app/controllers/books_controller.rb:63:in `set_book'
  Rendering layout layouts/application.html.erb
  Rendering books/edit.html.erb within layouts/application
  Rendered books/_form.html.erb (Duration: 1.8ms | Allocations: 1093)
  Rendered books/edit.html.erb within layouts/application (Duration: 2.7ms | Allocations: 1383)
  Rendered layout layouts/application.html.erb (Duration: 4.7ms | Allocations: 3480)
Completed 200 OK in 7ms (Views: 5.1ms | ActiveRecord: 0.1ms | Allocations: 4287)


Started PATCH "/books/1" for 127.0.0.1 at 2023-07-26 14:25:15 +0900
Processing by BooksController#update as TURBO_STREAM
  Parameters: {"authenticity_token"=>"[FILTERED]", "book"=>{"title"=>"è§£ä½“æ–°æ›¸", "memo"=>"ã‚ªãƒ©ãƒ³ãƒ€ã‚„ã§"}, "commit"=>"Update Book", "id"=>"1"}
  [1m[36mBook Load (0.1ms)[0m  [1m[34mSELECT "books".* FROM "books" WHERE "books"."id" = ? LIMIT ?[0m  [["id", 1], ["LIMIT", 1]]
  â†³ app/controllers/books_controller.rb:63:in `set_book'
  [1m[36mTRANSACTION (0.0ms)[0m  [1m[36mbegin transaction[0m
  â†³ app/controllers/books_controller.rb:40:in `block in update'
  [1m[36mBook Update (0.1ms)[0m  [1m[33mUPDATE "books" SET "memo" = ?, "updated_at" = ? WHERE "books"."id" = ?[0m  [["memo", "ã‚ªãƒ©ãƒ³ãƒ€ã‚„ã§"], ["updated_at", "2023-07-26 05:25:15.222700"], ["id", 1]]
  â†³ app/controllers/books_controller.rb:40:in `block in update'
  [1m[36mTRANSACTION (3.9ms)[0m  [1m[36mcommit transaction[0m
  â†³ app/controllers/books_controller.rb:40:in `block in update'
Redirected to http://127.0.0.1:3000/books/1
Completed 302 Found in 9ms (ActiveRecord: 4.3ms | Allocations: 3111)


Started GET "/books/1" for 127.0.0.1 at 2023-07-26 14:25:15 +0900
Processing by BooksController#show as TURBO_STREAM
  Parameters: {"id"=>"1"}
  [1m[36mBook Load (0.1ms)[0m  [1m[34mSELECT "books".* FROM "books" WHERE "books"."id" = ? LIMIT ?[0m  [["id", 1], ["LIMIT", 1]]
  â†³ app/controllers/books_controller.rb:63:in `set_book'
  Rendering layout layouts/application.html.erb
  Rendering books/show.html.erb within layouts/application
  Rendered books/_book.html.erb (Duration: 0.1ms | Allocations: 20)
  Rendered books/show.html.erb within layouts/application (Duration: 1.1ms | Allocations: 601)
  Rendered layout layouts/application.html.erb (Duration: 3.0ms | Allocations: 2698)
Completed 200 OK in 4ms (Views: 3.4ms | ActiveRecord: 0.1ms | Allocations: 3452)


Started DELETE "/books/1" for 127.0.0.1 at 2023-07-26 14:25:16 +0900
Processing by BooksController#destroy as TURBO_STREAM
  Parameters: {"authenticity_token"=>"[FILTERED]", "id"=>"1"}
  [1m[36mBook Load (0.1ms)[0m  [1m[34mSELECT "books".* FROM "books" WHERE "books"."id" = ? LIMIT ?[0m  [["id", 1], ["LIMIT", 1]]
  â†³ app/controllers/books_controller.rb:63:in `set_book'
  [1m[36mTRANSACTION (0.0ms)[0m  [1m[36mbegin transaction[0m
  â†³ app/controllers/books_controller.rb:52:in `destroy'
  [1m[36mBook Destroy (0.1ms)[0m  [1m[31mDELETE FROM "books" WHERE "books"."id" = ?[0m  [["id", 1]]
  â†³ app/controllers/books_controller.rb:52:in `destroy'
  [1m[36mTRANSACTION (4.7ms)[0m  [1m[36mcommit transaction[0m
  â†³ app/controllers/books_controller.rb:52:in `destroy'
Redirected to http://127.0.0.1:3000/books
Completed 302 Found in 9ms (ActiveRecord: 5.0ms | Allocations: 2555)


Started GET "/books" for 127.0.0.1 at 2023-07-26 14:25:16 +0900
Processing by BooksController#index as TURBO_STREAM
  Rendering layout layouts/application.html.erb
  Rendering books/index.html.erb within layouts/application
  [1m[36mBook Load (0.1ms)[0m  [1m[34mSELECT "books".* FROM "books"[0m
  â†³ app/views/books/index.html.erb:6
  Rendered books/_book.html.erb (Duration: 0.1ms | Allocations: 20)
  Rendered books/index.html.erb within layouts/application (Duration: 30.8ms | Allocations: 970)
  Rendered layout layouts/application.html.erb (Duration: 34.2ms | Allocations: 3108)
Completed 200 OK in 35ms (Views: 34.4ms | ActiveRecord: 0.1ms | Allocations: 3383)


Started GET "/books/2" for 127.0.0.1 at 2023-07-26 14:25:59 +0900
Processing by BooksController#show as HTML
  Parameters: {"id"=>"2"}
  [1m[36mBook Load (0.1ms)[0m  [1m[34mSELECT "books".* FROM "books" WHERE "books"."id" = ? LIMIT ?[0m  [["id", 2], ["LIMIT", 1]]
  â†³ app/controllers/books_controller.rb:63:in `set_book'
  Rendering layout layouts/application.html.erb
  Rendering books/show.html.erb within layouts/application
  Rendered books/_book.html.erb (Duration: 0.1ms | Allocations: 20)
  Rendered books/show.html.erb within layouts/application (Duration: 1.5ms | Allocations: 599)
  Rendered layout layouts/application.html.erb (Duration: 3.7ms | Allocations: 2708)
Completed 200 OK in 6ms (Views: 4.2ms | ActiveRecord: 0.1ms | Allocations: 3459)


Started GET "/books/2/edit" for 127.0.0.1 at 2023-07-26 14:26:01 +0900
Processing by BooksController#edit as HTML
  Parameters: {"id"=>"2"}
  [1m[36mBook Load (0.1ms)[0m  [1m[34mSELECT "books".* FROM "books" WHERE "books"."id" = ? LIMIT ?[0m  [["id", 2], ["LIMIT", 1]]
  â†³ app/controllers/books_controller.rb:63:in `set_book'
  Rendering layout layouts/application.html.erb
  Rendering books/edit.html.erb within layouts/application
  Rendered books/_form.html.erb (Duration: 1.5ms | Allocations: 1073)
  Rendered books/edit.html.erb within layouts/application (Duration: 2.0ms | Allocations: 1198)
  Rendered layout layouts/application.html.erb (Duration: 4.2ms | Allocations: 3295)
Completed 200 OK in 6ms (Views: 4.6ms | ActiveRecord: 0.1ms | Allocations: 4046)


Started GET "/books" for 127.0.0.1 at 2023-07-26 14:26:03 +0900
Processing by BooksController#index as HTML
  Rendering layout layouts/application.html.erb
  Rendering books/index.html.erb within layouts/application
  [1m[36mBook Load (0.1ms)[0m  [1m[34mSELECT "books".* FROM "books"[0m
  â†³ app/views/books/index.html.erb:6
  Rendered books/_book.html.erb (Duration: 0.1ms | Allocations: 20)
  Rendered books/index.html.erb within layouts/application (Duration: 2.2ms | Allocations: 940)
  Rendered layout layouts/application.html.erb (Duration: 6.1ms | Allocations: 3045)
Completed 200 OK in 7ms (Views: 6.7ms | ActiveRecord: 0.1ms | Allocations: 3317)


Started GET "/books/new" for 127.0.0.1 at 2023-07-26 14:26:05 +0900
Processing by BooksController#new as HTML
  Rendering layout layouts/application.html.erb
  Rendering books/new.html.erb within layouts/application
  Rendered books/_form.html.erb (Duration: 1.3ms | Allocations: 1005)
  Rendered books/new.html.erb within layouts/application (Duration: 1.8ms | Allocations: 1094)
  Rendered layout layouts/application.html.erb (Duration: 3.8ms | Allocations: 3199)
Completed 200 OK in 5ms (Views: 4.2ms | ActiveRecord: 0.0ms | Allocations: 3472)


Started GET "/books" for 127.0.0.1 at 2023-07-26 14:26:06 +0900
Processing by BooksController#index as HTML
  Rendering layout layouts/application.html.erb
  Rendering books/index.html.erb within layouts/application
  [1m[36mBook Load (0.1ms)[0m  [1m[34mSELECT "books".* FROM "books"[0m
  â†³ app/views/books/index.html.erb:6
  Rendered books/_book.html.erb (Duration: 0.1ms | Allocations: 20)
  Rendered books/index.html.erb within layouts/application (Duration: 1.9ms | Allocations: 952)
  Rendered layout layouts/application.html.erb (Duration: 5.1ms | Allocations: 3058)
Completed 200 OK in 6ms (Views: 5.6ms | ActiveRecord: 0.1ms | Allocations: 3329)


Started GET "/books/2" for 127.0.0.1 at 2023-07-26 14:26:08 +0900
Processing by BooksController#show as HTML
  Parameters: {"id"=>"2"}
  [1m[36mBook Load (0.1ms)[0m  [1m[34mSELECT "books".* FROM "books" WHERE "books"."id" = ? LIMIT ?[0m  [["id", 2], ["LIMIT", 1]]
  â†³ app/controllers/books_controller.rb:63:in `set_book'
  Rendering layout layouts/application.html.erb
  Rendering books/show.html.erb within layouts/application
  Rendered books/_book.html.erb (Duration: 0.1ms | Allocations: 20)
  Rendered books/show.html.erb within layouts/application (Duration: 1.4ms | Allocations: 599)
  Rendered layout layouts/application.html.erb (Duration: 3.4ms | Allocations: 2696)
Completed 200 OK in 5ms (Views: 3.9ms | ActiveRecord: 0.1ms | Allocations: 3447)


Started GET "/books" for 127.0.0.1 at 2023-07-26 14:26:10 +0900
Processing by BooksController#index as HTML
  Rendering layout layouts/application.html.erb
  Rendering books/index.html.erb within layouts/application
  [1m[36mBook Load (0.1ms)[0m  [1m[34mSELECT "books".* FROM "books"[0m
  â†³ app/views/books/index.html.erb:6
  Rendered books/_book.html.erb (Duration: 0.1ms | Allocations: 20)
  Rendered books/index.html.erb within layouts/application (Duration: 2.6ms | Allocations: 943)
  Rendered layout layouts/application.html.erb (Duration: 5.5ms | Allocations: 3048)
Completed 200 OK in 7ms (Views: 6.0ms | ActiveRecord: 0.1ms | Allocations: 3319)


Started GET "/books/2" for 127.0.0.1 at 2023-07-26 14:26:15 +0900
Processing by BooksController#show as HTML
  Parameters: {"id"=>"2"}
  [1m[36mBook Load (0.1ms)[0m  [1m[34mSELECT "books".* FROM "books" WHERE "books"."id" = ? LIMIT ?[0m  [["id", 2], ["LIMIT", 1]]
  â†³ app/controllers/books_controller.rb:63:in `set_book'
  Rendering layout layouts/application.html.erb
  Rendering books/show.html.erb within layouts/application
  Rendered books/_book.html.erb (Duration: 0.1ms | Allocations: 20)
  Rendered books/show.html.erb within layouts/application (Duration: 1.1ms | Allocations: 593)
  Rendered layout layouts/application.html.erb (Duration: 3.1ms | Allocations: 2690)
Completed 200 OK in 5ms (Views: 3.6ms | ActiveRecord: 0.1ms | Allocations: 3441)


Started DELETE "/books/2" for 127.0.0.1 at 2023-07-26 14:26:21 +0900
Processing by BooksController#destroy as TURBO_STREAM
  Parameters: {"authenticity_token"=>"[FILTERED]", "id"=>"2"}
  [1m[36mBook Load (0.1ms)[0m  [1m[34mSELECT "books".* FROM "books" WHERE "books"."id" = ? LIMIT ?[0m  [["id", 2], ["LIMIT", 1]]
  â†³ app/controllers/books_controller.rb:63:in `set_book'
  [1m[36mTRANSACTION (0.0ms)[0m  [1m[36mbegin transaction[0m
  â†³ app/controllers/books_controller.rb:52:in `destroy'
  [1m[36mBook Destroy (0.2ms)[0m  [1m[31mDELETE FROM "books" WHERE "books"."id" = ?[0m  [["id", 2]]
  â†³ app/controllers/books_controller.rb:52:in `destroy'
  [1m[36mTRANSACTION (5.1ms)[0m  [1m[36mcommit transaction[0m
  â†³ app/controllers/books_controller.rb:52:in `destroy'
Redirected to http://127.0.0.1:3000/books
Completed 302 Found in 9ms (ActiveRecord: 5.4ms | Allocations: 2501)


Started GET "/books" for 127.0.0.1 at 2023-07-26 14:26:21 +0900
Processing by BooksController#index as TURBO_STREAM
  Rendering layout layouts/application.html.erb
  Rendering books/index.html.erb within layouts/application
  [1m[36mBook Load (0.1ms)[0m  [1m[34mSELECT "books".* FROM "books"[0m
  â†³ app/views/books/index.html.erb:6
  Rendered books/index.html.erb within layouts/application (Duration: 1.0ms | Allocations: 818)
  Rendered layout layouts/application.html.erb (Duration: 3.0ms | Allocations: 2923)
Completed 200 OK in 4ms (Views: 3.3ms | ActiveRecord: 0.1ms | Allocations: 3197)


Started GET "/rails/info/routes" for 127.0.0.1 at 2023-07-26 15:53:57 +0900
Processing by Rails::InfoController#routes as HTML
  Rendering layout /home/y-honbo-gs/.rbenv/versions/3.2.2/lib/ruby/gems/3.2.0/gems/railties-7.0.6/lib/rails/templates/layouts/application.html.erb
  Rendering /home/y-honbo-gs/.rbenv/versions/3.2.2/lib/ruby/gems/3.2.0/gems/railties-7.0.6/lib/rails/templates/rails/info/routes.html.erb within layouts/application
  Rendered collection of /home/y-honbo-gs/.rbenv/versions/3.2.2/lib/ruby/gems/3.2.0/gems/actionpack-7.0.6/lib/action_dispatch/middleware/templates/routes/_route.html.erb [38 times] (Duration: 22.7ms | Allocations: 6263)
  Rendered /home/y-honbo-gs/.rbenv/versions/3.2.2/lib/ruby/gems/3.2.0/gems/actionpack-7.0.6/lib/action_dispatch/middleware/templates/routes/_table.html.erb (Duration: 5.7ms | Allocations: 1099)
  Rendered /home/y-honbo-gs/.rbenv/versions/3.2.2/lib/ruby/gems/3.2.0/gems/railties-7.0.6/lib/rails/templates/rails/info/routes.html.erb within layouts/application (Duration: 44.6ms | Allocations: 11246)
  Rendered layout /home/y-honbo-gs/.rbenv/versions/3.2.2/lib/ruby/gems/3.2.0/gems/railties-7.0.6/lib/rails/templates/layouts/application.html.erb (Duration: 45.7ms | Allocations: 11528)
Completed 200 OK in 60ms (Views: 52.4ms | Allocations: 12391)


Started GET "/books" for 127.0.0.1 at 2023-07-26 17:13:56 +0900
Processing by BooksController#index as HTML
  Rendering layout layouts/application.html.erb
  Rendering books/index.html.erb within layouts/application
  [1m[36mBook Load (0.4ms)[0m  [1m[34mSELECT "books".* FROM "books"[0m
  â†³ app/views/books/index.html.erb:6
  Rendered books/index.html.erb within layouts/application (Duration: 33.7ms | Allocations: 1202)
  Rendered layout layouts/application.html.erb (Duration: 54.7ms | Allocations: 3582)
Completed 200 OK in 80ms (Views: 68.6ms | ActiveRecord: 1.7ms | Allocations: 4427)


Started GET "/books/new" for 127.0.0.1 at 2023-07-26 17:14:06 +0900
Processing by BooksController#new as HTML
  Rendering layout layouts/application.html.erb
  Rendering books/new.html.erb within layouts/application
  Rendered books/_form.html.erb (Duration: 8.2ms | Allocations: 1379)
  Rendered books/new.html.erb within layouts/application (Duration: 9.6ms | Allocations: 1673)
  Rendered layout layouts/application.html.erb (Duration: 21.7ms | Allocations: 3811)
Completed 200 OK in 24ms (Views: 22.3ms | ActiveRecord: 0.0ms | Allocations: 4141)


Started POST "/books" for 127.0.0.1 at 2023-07-26 17:14:42 +0900
Processing by BooksController#create as TURBO_STREAM
  Parameters: {"authenticity_token"=>"[FILTERED]", "book"=>{"title"=>"è§£ä½“æ–°æ›¸", "memo"=>"æ‰ç”°çŽ„ç™½"}, "commit"=>"Create Book"}
  [1m[36mTRANSACTION (0.1ms)[0m  [1m[36mbegin transaction[0m
  â†³ app/controllers/books_controller.rb:27:in `block in create'
  [1m[36mBook Create (0.6ms)[0m  [1m[32mINSERT INTO "books" ("title", "memo", "created_at", "updated_at") VALUES (?, ?, ?, ?)[0m  [["title", "è§£ä½“æ–°æ›¸"], ["memo", "æ‰ç”°çŽ„ç™½"], ["created_at", "2023-07-26 08:14:42.694403"], ["updated_at", "2023-07-26 08:14:42.694403"]]
  â†³ app/controllers/books_controller.rb:27:in `block in create'
  [1m[36mTRANSACTION (3.5ms)[0m  [1m[36mcommit transaction[0m
  â†³ app/controllers/books_controller.rb:27:in `block in create'
Redirected to http://127.0.0.1:3000/books/3
Completed 302 Found in 16ms (ActiveRecord: 4.2ms | Allocations: 2365)


Started GET "/books/3" for 127.0.0.1 at 2023-07-26 17:14:42 +0900
Processing by BooksController#show as TURBO_STREAM
  Parameters: {"id"=>"3"}
  [1m[36mBook Load (0.3ms)[0m  [1m[34mSELECT "books".* FROM "books" WHERE "books"."id" = ? LIMIT ?[0m  [["id", 3], ["LIMIT", 1]]
  â†³ app/controllers/books_controller.rb:63:in `set_book'
  Rendering layout layouts/application.html.erb
  Rendering books/show.html.erb within layouts/application
  Rendered books/_book.html.erb (Duration: 0.7ms | Allocations: 176)
  Rendered books/show.html.erb within layouts/application (Duration: 7.6ms | Allocations: 1097)
  Rendered layout layouts/application.html.erb (Duration: 10.7ms | Allocations: 3194)
Completed 200 OK in 15ms (Views: 11.4ms | ActiveRecord: 0.3ms | Allocations: 4096)


Started GET "/books" for 127.0.0.1 at 2023-07-26 17:26:32 +0900
Processing by BooksController#index as HTML
  Rendering layout layouts/application.html.erb
  Rendering books/index.html.erb within layouts/application
  [1m[36mBook Load (0.1ms)[0m  [1m[34mSELECT "books".* FROM "books"[0m
  â†³ app/views/books/index.html.erb:6
  Rendered books/_book.html.erb (Duration: 0.2ms | Allocations: 36)
  Rendered books/index.html.erb within layouts/application (Duration: 11.5ms | Allocations: 2406)
  Rendered layout layouts/application.html.erb (Duration: 39.3ms | Allocations: 15269)
Completed 200 OK in 47ms (Views: 41.3ms | ActiveRecord: 0.6ms | Allocations: 16387)


Started GET "/books/3" for 127.0.0.1 at 2023-07-26 17:26:35 +0900
Processing by BooksController#show as HTML
  Parameters: {"id"=>"3"}
  [1m[36mBook Load (0.2ms)[0m  [1m[34mSELECT "books".* FROM "books" WHERE "books"."id" = ? LIMIT ?[0m  [["id", 3], ["LIMIT", 1]]
  â†³ app/controllers/books_controller.rb:63:in `set_book'
  Rendering layout layouts/application.html.erb
  Rendering books/show.html.erb within layouts/application
  Rendered books/_book.html.erb (Duration: 0.1ms | Allocations: 19)
  Rendered books/show.html.erb within layouts/application (Duration: 2.4ms | Allocations: 624)
  Rendered layout layouts/application.html.erb (Duration: 7.7ms | Allocations: 2721)
Completed 200 OK in 12ms (Views: 8.6ms | ActiveRecord: 0.2ms | Allocations: 4081)


Started GET "/books" for 127.0.0.1 at 2023-07-26 17:26:38 +0900
Processing by BooksController#index as HTML
  Rendering layout layouts/application.html.erb
  Rendering books/index.html.erb within layouts/application
  [1m[36mBook Load (0.2ms)[0m  [1m[34mSELECT "books".* FROM "books"[0m
  â†³ app/views/books/index.html.erb:6
  Rendered books/_book.html.erb (Duration: 0.2ms | Allocations: 19)
  Rendered books/index.html.erb within layouts/application (Duration: 5.1ms | Allocations: 945)
  Rendered layout layouts/application.html.erb (Duration: 9.8ms | Allocations: 3050)
Completed 200 OK in 12ms (Views: 10.9ms | ActiveRecord: 0.2ms | Allocations: 3321)


Started GET "/books/new" for 127.0.0.1 at 2023-07-26 17:26:39 +0900
Processing by BooksController#new as HTML
  Rendering layout layouts/application.html.erb
  Rendering books/new.html.erb within layouts/application
  Rendered books/_form.html.erb (Duration: 3.2ms | Allocations: 1042)
  Rendered books/new.html.erb within layouts/application (Duration: 3.6ms | Allocations: 1133)
  Rendered layout layouts/application.html.erb (Duration: 5.6ms | Allocations: 3238)
Completed 200 OK in 7ms (Views: 6.1ms | ActiveRecord: 0.0ms | Allocations: 3521)


Started POST "/books" for 127.0.0.1 at 2023-07-26 17:26:53 +0900
Processing by BooksController#create as TURBO_STREAM
  Parameters: {"authenticity_token"=>"[FILTERED]", "book"=>{"title"=>"ã‚¸ãƒ‘ãƒ³ã‚°", "memo"=>"ãƒ•ãƒ“ãƒ©ã‚¤ãƒãƒ³"}, "commit"=>"Create Book"}
  [1m[36mTRANSACTION (0.2ms)[0m  [1m[36mbegin transaction[0m
  â†³ app/controllers/books_controller.rb:27:in `block in create'
  [1m[36mBook Create (0.4ms)[0m  [1m[32mINSERT INTO "books" ("title", "memo", "created_at", "updated_at") VALUES (?, ?, ?, ?)[0m  [["title", "ã‚¸ãƒ‘ãƒ³ã‚°"], ["memo", "ãƒ•ãƒ“ãƒ©ã‚¤ãƒãƒ³"], ["created_at", "2023-07-26 08:26:53.635094"], ["updated_at", "2023-07-26 08:26:53.635094"]]
  â†³ app/controllers/books_controller.rb:27:in `block in create'
  [1m[36mTRANSACTION (3.4ms)[0m  [1m[36mcommit transaction[0m
  â†³ app/controllers/books_controller.rb:27:in `block in create'
Redirected to http://127.0.0.1:3000/books/4
Completed 302 Found in 21ms (ActiveRecord: 4.0ms | Allocations: 2518)


Started GET "/books/4" for 127.0.0.1 at 2023-07-26 17:26:53 +0900
Processing by BooksController#show as TURBO_STREAM
  Parameters: {"id"=>"4"}
  [1m[36mBook Load (0.1ms)[0m  [1m[34mSELECT "books".* FROM "books" WHERE "books"."id" = ? LIMIT ?[0m  [["id", 4], ["LIMIT", 1]]
  â†³ app/controllers/books_controller.rb:63:in `set_book'
  Rendering layout layouts/application.html.erb
  Rendering books/show.html.erb within layouts/application
  Rendered books/_book.html.erb (Duration: 0.2ms | Allocations: 20)
  Rendered books/show.html.erb within layouts/application (Duration: 1.8ms | Allocations: 611)
  Rendered layout layouts/application.html.erb (Duration: 4.6ms | Allocations: 2741)
Completed 200 OK in 8ms (Views: 5.2ms | ActiveRecord: 0.1ms | Allocations: 3496)


Started GET "/" for 127.0.0.1 at 2023-07-26 21:56:06 +0900
  [1m[36mActiveRecord::SchemaMigration Pluck (0.1ms)[0m  [1m[34mSELECT "schema_migrations"."version" FROM "schema_migrations" ORDER BY "schema_migrations"."version" ASC[0m
Processing by Rails::WelcomeController#index as HTML
  Rendering /home/y-honbo-gs/.rbenv/versions/3.2.2/lib/ruby/gems/3.2.0/gems/railties-7.0.6/lib/rails/templates/rails/welcome/index.html.erb
  Rendered /home/y-honbo-gs/.rbenv/versions/3.2.2/lib/ruby/gems/3.2.0/gems/railties-7.0.6/lib/rails/templates/rails/welcome/index.html.erb (Duration: 1.5ms | Allocations: 489)
Completed 200 OK in 12ms (Views: 3.9ms | ActiveRecord: 0.0ms | Allocations: 4240)


Started GET "/books" for 127.0.0.1 at 2023-07-26 21:56:12 +0900
Processing by BooksController#index as HTML
  Rendering layout layouts/application.html.erb
  Rendering books/index.html.erb within layouts/application
  [1m[36mBook Load (0.1ms)[0m  [1m[34mSELECT "books".* FROM "books"[0m
  â†³ app/views/books/index.html.erb:6
  Rendered books/_book.html.erb (Duration: 0.6ms | Allocations: 215)
  Rendered books/_book.html.erb (Duration: 0.0ms | Allocations: 19)
  Rendered books/index.html.erb within layouts/application (Duration: 11.7ms | Allocations: 6312)
  Rendered layout layouts/application.html.erb (Duration: 57.3ms | Allocations: 39567)
Completed 200 OK in 60ms (Views: 58.0ms | ActiveRecord: 0.4ms | Allocations: 41205)


  [1m[36mTRANSACTION (0.1ms)[0m  [1m[36mbegin transaction[0m
  [1m[36mBook Create (0.3ms)[0m  [1m[32mINSERT INTO "books" ("title", "memo", "created_at", "updated_at") VALUES (?, ?, ?, ?)[0m  [["title", "some title"], ["memo", "some memo"], ["created_at", "2023-07-26 13:11:35.438386"], ["updated_at", "2023-07-26 13:11:35.438386"]]
  [1m[36mTRANSACTION (4.8ms)[0m  [1m[36mcommit transaction[0m
  [1m[36mBook Load (0.2ms)[0m  [1m[34mSELECT "books".* FROM "books" ORDER BY "books"."id" DESC LIMIT ?[0m  [["LIMIT", 1]]
  [1m[36mActiveRecord::SchemaMigration Pluck (0.1ms)[0m  [1m[34mSELECT "schema_migrations"."version" FROM "schema_migrations" ORDER BY "schema_migrations"."version" ASC[0m
Migrating to AddAuthorToBooks (20230726134208)
  [1m[36mTRANSACTION (0.0ms)[0m  [1m[36mbegin transaction[0m
  [1m[35m (0.3ms)[0m  [1m[35mALTER TABLE "books" ADD "author" varchar[0m
  [1m[36mActiveRecord::SchemaMigration Create (0.1ms)[0m  [1m[32mINSERT INTO "schema_migrations" ("version") VALUES (?)[0m  [["version", "20230726134208"]]
  [1m[36mTRANSACTION (2.8ms)[0m  [1m[36mcommit transaction[0m
  [1m[36mActiveRecord::InternalMetadata Load (0.1ms)[0m  [1m[34mSELECT "ar_internal_metadata".* FROM "ar_internal_metadata" WHERE "ar_internal_metadata"."key" = ? LIMIT ?[0m  [["key", "environment"], ["LIMIT", 1]]
  [1m[36mActiveRecord::SchemaMigration Pluck (0.3ms)[0m  [1m[34mSELECT "schema_migrations"."version" FROM "schema_migrations" ORDER BY "schema_migrations"."version" ASC[0m
Started GET "/books" for 127.0.0.1 at 2023-07-26 22:42:50 +0900
  [1m[36mActiveRecord::SchemaMigration Pluck (0.1ms)[0m  [1m[34mSELECT "schema_migrations"."version" FROM "schema_migrations" ORDER BY "schema_migrations"."version" ASC[0m
Processing by BooksController#index as HTML
  Rendering layout layouts/application.html.erb
  Rendering books/index.html.erb within layouts/application
  [1m[36mBook Load (0.1ms)[0m  [1m[34mSELECT "books".* FROM "books"[0m
  â†³ app/views/books/index.html.erb:6
  Rendered books/_book.html.erb (Duration: 0.1ms | Allocations: 36)
  Rendered books/_book.html.erb (Duration: 0.0ms | Allocations: 19)
  Rendered books/_book.html.erb (Duration: 0.0ms | Allocations: 18)
  Rendered books/index.html.erb within layouts/application (Duration: 4.1ms | Allocations: 2501)
  Rendered layout layouts/application.html.erb (Duration: 13.0ms | Allocations: 15428)
Completed 200 OK in 15ms (Views: 13.8ms | ActiveRecord: 0.1ms | Allocations: 16550)


Started GET "/books/3" for 127.0.0.1 at 2023-07-26 22:42:56 +0900
Processing by BooksController#show as HTML
  Parameters: {"id"=>"3"}
  [1m[36mBook Load (0.2ms)[0m  [1m[34mSELECT "books".* FROM "books" WHERE "books"."id" = ? LIMIT ?[0m  [["id", 3], ["LIMIT", 1]]
  â†³ app/controllers/books_controller.rb:63:in `set_book'
  Rendering layout layouts/application.html.erb
  Rendering books/show.html.erb within layouts/application
  Rendered books/_book.html.erb (Duration: 0.1ms | Allocations: 19)
  Rendered books/show.html.erb within layouts/application (Duration: 2.3ms | Allocations: 792)
  Rendered layout layouts/application.html.erb (Duration: 4.1ms | Allocations: 2890)
Completed 200 OK in 8ms (Views: 4.6ms | ActiveRecord: 0.2ms | Allocations: 5550)


Started GET "/books" for 127.0.0.1 at 2023-07-26 22:42:58 +0900
Processing by BooksController#index as HTML
  Rendering layout layouts/application.html.erb
  Rendering books/index.html.erb within layouts/application
  [1m[36mBook Load (0.1ms)[0m  [1m[34mSELECT "books".* FROM "books"[0m
  â†³ app/views/books/index.html.erb:6
  Rendered books/_book.html.erb (Duration: 0.1ms | Allocations: 19)
  Rendered books/_book.html.erb (Duration: 0.0ms | Allocations: 19)
  Rendered books/_book.html.erb (Duration: 0.0ms | Allocations: 18)
  Rendered books/index.html.erb within layouts/application (Duration: 2.1ms | Allocations: 1176)
  Rendered layout layouts/application.html.erb (Duration: 4.2ms | Allocations: 3281)
Completed 200 OK in 5ms (Views: 4.8ms | ActiveRecord: 0.1ms | Allocations: 3552)


Started GET "/books/3" for 127.0.0.1 at 2023-07-26 22:44:31 +0900
Processing by BooksController#show as HTML
  Parameters: {"id"=>"3"}
  [1m[36mBook Load (0.1ms)[0m  [1m[34mSELECT "books".* FROM "books" WHERE "books"."id" = ? LIMIT ?[0m  [["id", 3], ["LIMIT", 1]]
  â†³ app/controllers/books_controller.rb:63:in `set_book'
  Rendering layout layouts/application.html.erb
  Rendering books/show.html.erb within layouts/application
  Rendered books/_book.html.erb (Duration: 0.7ms | Allocations: 179)
  Rendered books/show.html.erb within layouts/application (Duration: 2.8ms | Allocations: 1037)
  Rendered layout layouts/application.html.erb (Duration: 5.1ms | Allocations: 3404)
Completed 200 OK in 8ms (Views: 6.6ms | ActiveRecord: 0.1ms | Allocations: 4746)


Started GET "/books/3/edit" for 127.0.0.1 at 2023-07-26 22:44:33 +0900
Processing by BooksController#edit as HTML
  Parameters: {"id"=>"3"}
  [1m[36mBook Load (0.1ms)[0m  [1m[34mSELECT "books".* FROM "books" WHERE "books"."id" = ? LIMIT ?[0m  [["id", 3], ["LIMIT", 1]]
  â†³ app/controllers/books_controller.rb:63:in `set_book'
  Rendering layout layouts/application.html.erb
  Rendering books/edit.html.erb within layouts/application
  Rendered books/_form.html.erb (Duration: 11.8ms | Allocations: 10776)
  Rendered books/edit.html.erb within layouts/application (Duration: 13.3ms | Allocations: 11129)
  Rendered layout layouts/application.html.erb (Duration: 15.1ms | Allocations: 13226)
Completed 200 OK in 17ms (Views: 15.5ms | ActiveRecord: 0.1ms | Allocations: 14034)


Started PATCH "/books/3" for 127.0.0.1 at 2023-07-26 22:45:37 +0900
Processing by BooksController#update as TURBO_STREAM
  Parameters: {"authenticity_token"=>"[FILTERED]", "book"=>{"title"=>"è§£ä½“æ–°æ›¸", "memo"=>"æ‰ç”°çŽ„ç™½", "author"=>"aaa"}, "commit"=>"Update Book", "id"=>"3"}
  [1m[36mBook Load (0.1ms)[0m  [1m[34mSELECT "books".* FROM "books" WHERE "books"."id" = ? LIMIT ?[0m  [["id", 3], ["LIMIT", 1]]
  â†³ app/controllers/books_controller.rb:63:in `set_book'
[31mUnpermitted parameter: :author. Context: { controller: BooksController, action: update, request: #<ActionDispatch::Request:0x00007fee599755a0>, params: {"_method"=>"patch", "authenticity_token"=>"[FILTERED]", "book"=>{"title"=>"è§£ä½“æ–°æ›¸", "memo"=>"æ‰ç”°çŽ„ç™½", "author"=>"aaa"}, "commit"=>"Update Book", "controller"=>"books", "action"=>"update", "id"=>"3"} }[0m
Redirected to http://127.0.0.1:3000/books/3
Completed 302 Found in 4ms (ActiveRecord: 0.1ms | Allocations: 1789)


Started GET "/books/3" for 127.0.0.1 at 2023-07-26 22:45:37 +0900
Processing by BooksController#show as TURBO_STREAM
  Parameters: {"id"=>"3"}
  [1m[36mBook Load (0.1ms)[0m  [1m[34mSELECT "books".* FROM "books" WHERE "books"."id" = ? LIMIT ?[0m  [["id", 3], ["LIMIT", 1]]
  â†³ app/controllers/books_controller.rb:63:in `set_book'
  Rendering layout layouts/application.html.erb
  Rendering books/show.html.erb within layouts/application
  Rendered books/_book.html.erb (Duration: 0.4ms | Allocations: 210)
  Rendered books/show.html.erb within layouts/application (Duration: 2.2ms | Allocations: 1125)
  Rendered layout layouts/application.html.erb (Duration: 4.3ms | Allocations: 3491)
Completed 200 OK in 7ms (Views: 5.3ms | ActiveRecord: 0.1ms | Allocations: 4869)


Started GET "/books/3/edit" for 127.0.0.1 at 2023-07-26 22:45:40 +0900
Processing by BooksController#edit as HTML
  Parameters: {"id"=>"3"}
  [1m[36mBook Load (0.3ms)[0m  [1m[34mSELECT "books".* FROM "books" WHERE "books"."id" = ? LIMIT ?[0m  [["id", 3], ["LIMIT", 1]]
  â†³ app/controllers/books_controller.rb:63:in `set_book'
  Rendering layout layouts/application.html.erb
  Rendering books/edit.html.erb within layouts/application
  Rendered books/_form.html.erb (Duration: 2.3ms | Allocations: 1674)
  Rendered books/edit.html.erb within layouts/application (Duration: 3.2ms | Allocations: 2016)
  Rendered layout layouts/application.html.erb (Duration: 5.2ms | Allocations: 4113)
Completed 200 OK in 7ms (Views: 5.7ms | ActiveRecord: 0.3ms | Allocations: 4921)


Started PATCH "/books/3" for 127.0.0.1 at 2023-07-26 22:45:44 +0900
Processing by BooksController#update as TURBO_STREAM
  Parameters: {"authenticity_token"=>"[FILTERED]", "book"=>{"title"=>"è§£ä½“æ–°æ›¸", "memo"=>"æ‰ç”°çŽ„ç™½", "author"=>"aaa"}, "commit"=>"Update Book", "id"=>"3"}
  [1m[36mBook Load (0.1ms)[0m  [1m[34mSELECT "books".* FROM "books" WHERE "books"."id" = ? LIMIT ?[0m  [["id", 3], ["LIMIT", 1]]
  â†³ app/controllers/books_controller.rb:63:in `set_book'
[31mUnpermitted parameter: :author. Context: { controller: BooksController, action: update, request: #<ActionDispatch::Request:0x00007fee598637c0>, params: {"_method"=>"patch", "authenticity_token"=>"[FILTERED]", "book"=>{"title"=>"è§£ä½“æ–°æ›¸", "memo"=>"æ‰ç”°çŽ„ç™½", "author"=>"aaa"}, "commit"=>"Update Book", "controller"=>"books", "action"=>"update", "id"=>"3"} }[0m
Redirected to http://127.0.0.1:3000/books/3
Completed 302 Found in 2ms (ActiveRecord: 0.1ms | Allocations: 1172)


Started GET "/books/3" for 127.0.0.1 at 2023-07-26 22:45:44 +0900
Processing by BooksController#show as TURBO_STREAM
  Parameters: {"id"=>"3"}
  [1m[36mBook Load (0.1ms)[0m  [1m[34mSELECT "books".* FROM "books" WHERE "books"."id" = ? LIMIT ?[0m  [["id", 3], ["LIMIT", 1]]
  â†³ app/controllers/books_controller.rb:63:in `set_book'
  Rendering layout layouts/application.html.erb
  Rendering books/show.html.erb within layouts/application
  Rendered books/_book.html.erb (Duration: 0.1ms | Allocations: 28)
  Rendered books/show.html.erb within layouts/application (Duration: 0.9ms | Allocations: 592)
  Rendered layout layouts/application.html.erb (Duration: 2.6ms | Allocations: 2689)
Completed 200 OK in 4ms (Views: 3.0ms | ActiveRecord: 0.1ms | Allocations: 3445)


Started GET "/books/3" for 127.0.0.1 at 2023-07-26 22:46:16 +0900
Processing by BooksController#show as HTML
  Parameters: {"id"=>"3"}
  [1m[36mBook Load (0.1ms)[0m  [1m[34mSELECT "books".* FROM "books" WHERE "books"."id" = ? LIMIT ?[0m  [["id", 3], ["LIMIT", 1]]
  â†³ app/controllers/books_controller.rb:63:in `set_book'
  Rendering layout layouts/application.html.erb
  Rendering books/show.html.erb within layouts/application
  Rendered books/_book.html.erb (Duration: 0.1ms | Allocations: 38)
  Rendered books/show.html.erb within layouts/application (Duration: 1.2ms | Allocations: 693)
  Rendered layout layouts/application.html.erb (Duration: 8.0ms | Allocations: 13594)
Completed 200 OK in 17ms (Views: 9.0ms | ActiveRecord: 0.6ms | Allocations: 18517)


Started GET "/books/3/edit" for 127.0.0.1 at 2023-07-26 22:46:20 +0900
Processing by BooksController#edit as HTML
  Parameters: {"id"=>"3"}
  [1m[36mBook Load (0.1ms)[0m  [1m[34mSELECT "books".* FROM "books" WHERE "books"."id" = ? LIMIT ?[0m  [["id", 3], ["LIMIT", 1]]
  â†³ app/controllers/books_controller.rb:63:in `set_book'
  Rendering layout layouts/application.html.erb
  Rendering books/edit.html.erb within layouts/application
  Rendered books/_form.html.erb (Duration: 2.1ms | Allocations: 1295)
  Rendered books/edit.html.erb within layouts/application (Duration: 2.4ms | Allocations: 1422)
  Rendered layout layouts/application.html.erb (Duration: 5.0ms | Allocations: 3519)
Completed 200 OK in 7ms (Views: 5.5ms | ActiveRecord: 0.1ms | Allocations: 4270)


Started PATCH "/books/3" for 127.0.0.1 at 2023-07-26 22:46:22 +0900
Processing by BooksController#update as TURBO_STREAM
  Parameters: {"authenticity_token"=>"[FILTERED]", "book"=>{"title"=>"è§£ä½“æ–°æ›¸", "memo"=>"æ‰ç”°çŽ„ç™½", "author"=>"aaa"}, "commit"=>"Update Book", "id"=>"3"}
  [1m[36mBook Load (0.1ms)[0m  [1m[34mSELECT "books".* FROM "books" WHERE "books"."id" = ? LIMIT ?[0m  [["id", 3], ["LIMIT", 1]]
  â†³ app/controllers/books_controller.rb:63:in `set_book'
  [1m[36mTRANSACTION (0.1ms)[0m  [1m[36mbegin transaction[0m
  â†³ app/controllers/books_controller.rb:40:in `block in update'
  [1m[36mBook Update (0.2ms)[0m  [1m[33mUPDATE "books" SET "updated_at" = ?, "author" = ? WHERE "books"."id" = ?[0m  [["updated_at", "2023-07-26 13:46:22.456089"], ["author", "aaa"], ["id", 3]]
  â†³ app/controllers/books_controller.rb:40:in `block in update'
  [1m[36mTRANSACTION (2.8ms)[0m  [1m[36mcommit transaction[0m
  â†³ app/controllers/books_controller.rb:40:in `block in update'
Redirected to http://127.0.0.1:3000/books/3
Completed 302 Found in 8ms (ActiveRecord: 3.2ms | Allocations: 3789)


Started GET "/books/3" for 127.0.0.1 at 2023-07-26 22:46:22 +0900
Processing by BooksController#show as TURBO_STREAM
  Parameters: {"id"=>"3"}
  [1m[36mBook Load (0.1ms)[0m  [1m[34mSELECT "books".* FROM "books" WHERE "books"."id" = ? LIMIT ?[0m  [["id", 3], ["LIMIT", 1]]
  â†³ app/controllers/books_controller.rb:63:in `set_book'
  Rendering layout layouts/application.html.erb
  Rendering books/show.html.erb within layouts/application
  Rendered books/_book.html.erb (Duration: 0.1ms | Allocations: 21)
  Rendered books/show.html.erb within layouts/application (Duration: 1.0ms | Allocations: 586)
  Rendered layout layouts/application.html.erb (Duration: 2.9ms | Allocations: 2683)
Completed 200 OK in 4ms (Views: 3.3ms | ActiveRecord: 0.1ms | Allocations: 3438)


Started GET "/books" for 127.0.0.1 at 2023-07-26 22:46:24 +0900
Processing by BooksController#index as HTML
  Rendering layout layouts/application.html.erb
  Rendering books/index.html.erb within layouts/application
  [1m[36mBook Load (0.1ms)[0m  [1m[34mSELECT "books".* FROM "books"[0m
  â†³ app/views/books/index.html.erb:6
  Rendered books/_book.html.erb (Duration: 0.1ms | Allocations: 21)
  Rendered books/_book.html.erb (Duration: 0.0ms | Allocations: 19)
  Rendered books/_book.html.erb (Duration: 0.0ms | Allocations: 18)
  Rendered books/index.html.erb within layouts/application (Duration: 2.9ms | Allocations: 1440)
  Rendered layout layouts/application.html.erb (Duration: 5.2ms | Allocations: 3545)
Completed 200 OK in 6ms (Views: 5.5ms | ActiveRecord: 0.1ms | Allocations: 3898)


  [1m[36mActiveRecord::SchemaMigration Pluck (0.1ms)[0m  [1m[34mSELECT "schema_migrations"."version" FROM "schema_migrations" ORDER BY "schema_migrations"."version" ASC[0m
Migrating to AddPictureToBooks (20230726141156)
  [1m[36mTRANSACTION (0.0ms)[0m  [1m[36mbegin transaction[0m
  [1m[35m (0.3ms)[0m  [1m[35mALTER TABLE "books" ADD "picture" varchar[0m
  [1m[36mActiveRecord::SchemaMigration Create (0.2ms)[0m  [1m[32mINSERT INTO "schema_migrations" ("version") VALUES (?)[0m  [["version", "20230726141156"]]
  [1m[36mTRANSACTION (4.6ms)[0m  [1m[36mcommit transaction[0m
  [1m[36mActiveRecord::InternalMetadata Load (0.1ms)[0m  [1m[34mSELECT "ar_internal_metadata".* FROM "ar_internal_metadata" WHERE "ar_internal_metadata"."key" = ? LIMIT ?[0m  [["key", "environment"], ["LIMIT", 1]]
  [1m[36mActiveRecord::SchemaMigration Pluck (0.0ms)[0m  [1m[34mSELECT "schema_migrations"."version" FROM "schema_migrations" ORDER BY "schema_migrations"."version" ASC[0m
Started GET "/books" for 127.0.0.1 at 2023-07-26 23:22:45 +0900
  [1m[36mActiveRecord::SchemaMigration Pluck (0.1ms)[0m  [1m[34mSELECT "schema_migrations"."version" FROM "schema_migrations" ORDER BY "schema_migrations"."version" ASC[0m
Processing by BooksController#index as HTML
Completed 500 Internal Server Error in 2ms (ActiveRecord: 0.0ms | Allocations: 951)


  
NameError (uninitialized constant Book::PictureUploader):
  
app/models/book.rb:2:in `<class:Book>'
app/models/book.rb:1:in `<main>'
app/controllers/books_controller.rb:6:in `index'
Started GET "/books" for 127.0.0.1 at 2023-07-26 23:22:58 +0900
  [1m[36mActiveRecord::SchemaMigration Pluck (0.1ms)[0m  [1m[34mSELECT "schema_migrations"."version" FROM "schema_migrations" ORDER BY "schema_migrations"."version" ASC[0m
Processing by BooksController#index as HTML
  Rendering layout layouts/application.html.erb
  Rendering books/index.html.erb within layouts/application
  [1m[36mBook Load (0.1ms)[0m  [1m[34mSELECT "books".* FROM "books"[0m
  â†³ app/views/books/index.html.erb:6
  Rendered books/_book.html.erb (Duration: 0.6ms | Allocations: 338)
  Rendered books/_book.html.erb (Duration: 0.1ms | Allocations: 36)
  Rendered books/_book.html.erb (Duration: 0.0ms | Allocations: 35)
  Rendered books/index.html.erb within layouts/application (Duration: 13.5ms | Allocations: 7934)
  Rendered layout layouts/application.html.erb (Duration: 57.9ms | Allocations: 41342)
Completed 200 OK in 69ms (Views: 59.7ms | ActiveRecord: 0.5ms | Allocations: 47238)


Started GET "/books/new" for 127.0.0.1 at 2023-07-26 23:23:21 +0900
Processing by BooksController#new as HTML
  Rendering layout layouts/application.html.erb
  Rendering books/new.html.erb within layouts/application
  Rendered books/_form.html.erb (Duration: 4.7ms | Allocations: 3051)
  Rendered books/new.html.erb within layouts/application (Duration: 5.8ms | Allocations: 3354)
  Rendered layout layouts/application.html.erb (Duration: 7.6ms | Allocations: 5460)
Completed 200 OK in 9ms (Views: 8.0ms | ActiveRecord: 0.0ms | Allocations: 5833)


Started GET "/books" for 127.0.0.1 at 2023-07-26 23:23:24 +0900
Processing by BooksController#index as HTML
  Rendering layout layouts/application.html.erb
  Rendering books/index.html.erb within layouts/application
  [1m[36mBook Load (0.1ms)[0m  [1m[34mSELECT "books".* FROM "books"[0m
  â†³ app/views/books/index.html.erb:6
  Rendered books/_book.html.erb (Duration: 0.1ms | Allocations: 38)
  Rendered books/_book.html.erb (Duration: 0.0ms | Allocations: 36)
  Rendered books/_book.html.erb (Duration: 0.0ms | Allocations: 35)
  Rendered books/index.html.erb within layouts/application (Duration: 2.1ms | Allocations: 1225)
  Rendered layout layouts/application.html.erb (Duration: 17.4ms | Allocations: 3365)
Completed 200 OK in 18ms (Views: 17.8ms | ActiveRecord: 0.1ms | Allocations: 3643)


Started GET "/books/4" for 127.0.0.1 at 2023-07-26 23:23:25 +0900
Processing by BooksController#show as HTML
  Parameters: {"id"=>"4"}
  [1m[36mBook Load (0.2ms)[0m  [1m[34mSELECT "books".* FROM "books" WHERE "books"."id" = ? LIMIT ?[0m  [["id", 4], ["LIMIT", 1]]
  â†³ app/controllers/books_controller.rb:63:in `set_book'
  Rendering layout layouts/application.html.erb
  Rendering books/show.html.erb within layouts/application
  Rendered books/_book.html.erb (Duration: 0.1ms | Allocations: 37)
  Rendered books/show.html.erb within layouts/application (Duration: 1.5ms | Allocations: 815)
  Rendered layout layouts/application.html.erb (Duration: 3.8ms | Allocations: 2938)
Completed 200 OK in 8ms (Views: 4.2ms | ActiveRecord: 0.2ms | Allocations: 5597)


Started GET "/books/4/edit" for 127.0.0.1 at 2023-07-26 23:23:27 +0900
Processing by BooksController#edit as HTML
  Parameters: {"id"=>"4"}
  [1m[36mBook Load (0.1ms)[0m  [1m[34mSELECT "books".* FROM "books" WHERE "books"."id" = ? LIMIT ?[0m  [["id", 4], ["LIMIT", 1]]
  â†³ app/controllers/books_controller.rb:63:in `set_book'
  Rendering layout layouts/application.html.erb
  Rendering books/edit.html.erb within layouts/application
  Rendered books/_form.html.erb (Duration: 2.3ms | Allocations: 1522)
  Rendered books/edit.html.erb within layouts/application (Duration: 3.1ms | Allocations: 1809)
  Rendered layout layouts/application.html.erb (Duration: 5.5ms | Allocations: 3907)
Completed 200 OK in 8ms (Views: 6.1ms | ActiveRecord: 0.1ms | Allocations: 4726)


Started PATCH "/books/4" for 127.0.0.1 at 2023-07-26 23:23:42 +0900
Processing by BooksController#update as TURBO_STREAM
  Parameters: {"authenticity_token"=>"[FILTERED]", "book"=>{"title"=>"ã‚¸ãƒ‘ãƒ³ã‚°", "memo"=>"ãƒ•ãƒ“ãƒ©ã‚¤ãƒãƒ³", "author"=>"", "picture"=>#<ActionDispatch::Http::UploadedFile:0x00007fa2a0029988 @tempfile=#<Tempfile:/tmp/RackMultipart20230726-4457-gvs998.jpg>, @content_type="image/jpeg", @original_filename="ã»ã‚“ã¼ã†ã‚„ã™ãŸã‹.jpg", @headers="Content-Disposition: form-data; name=\"book[picture]\"; filename=\"ã»ã‚“ã¼ã†ã‚„ã™ãŸã‹.jpg\"\r\nContent-Type: image/jpeg\r\n">}, "commit"=>"Update Book", "id"=>"4"}
  [1m[36mBook Load (0.1ms)[0m  [1m[34mSELECT "books".* FROM "books" WHERE "books"."id" = ? LIMIT ?[0m  [["id", 4], ["LIMIT", 1]]
  â†³ app/controllers/books_controller.rb:63:in `set_book'
  [1m[36mTRANSACTION (0.0ms)[0m  [1m[36mbegin transaction[0m
  â†³ app/controllers/books_controller.rb:40:in `block in update'
  [1m[36mBook Update (0.2ms)[0m  [1m[33mUPDATE "books" SET "updated_at" = ?, "author" = ?, "picture" = ? WHERE "books"."id" = ?[0m  [["updated_at", "2023-07-26 14:23:42.483864"], ["author", ""], ["picture", "ã»ã‚“ã¼ã†ã‚„ã™ãŸã‹.jpg"], ["id", 4]]
  â†³ app/controllers/books_controller.rb:40:in `block in update'
  [1m[36mTRANSACTION (2.9ms)[0m  [1m[36mcommit transaction[0m
  â†³ app/controllers/books_controller.rb:40:in `block in update'
Redirected to http://127.0.0.1:3000/books/4
Completed 302 Found in 10ms (ActiveRecord: 3.2ms | Allocations: 5711)


Started GET "/books/4" for 127.0.0.1 at 2023-07-26 23:23:42 +0900
Processing by BooksController#show as TURBO_STREAM
  Parameters: {"id"=>"4"}
  [1m[36mBook Load (0.1ms)[0m  [1m[34mSELECT "books".* FROM "books" WHERE "books"."id" = ? LIMIT ?[0m  [["id", 4], ["LIMIT", 1]]
  â†³ app/controllers/books_controller.rb:63:in `set_book'
  Rendering layout layouts/application.html.erb
  Rendering books/show.html.erb within layouts/application
  Rendered books/_book.html.erb (Duration: 0.3ms | Allocations: 317)
  Rendered books/show.html.erb within layouts/application (Duration: 1.2ms | Allocations: 931)
  Rendered layout layouts/application.html.erb (Duration: 3.1ms | Allocations: 3029)
Completed 200 OK in 4ms (Views: 3.4ms | ActiveRecord: 0.1ms | Allocations: 3831)


Started GET "/books" for 127.0.0.1 at 2023-07-26 23:23:46 +0900
Processing by BooksController#index as HTML
  Rendering layout layouts/application.html.erb
  Rendering books/index.html.erb within layouts/application
  [1m[36mBook Load (0.1ms)[0m  [1m[34mSELECT "books".* FROM "books"[0m
  â†³ app/views/books/index.html.erb:6
  Rendered books/_book.html.erb (Duration: 0.1ms | Allocations: 38)
  Rendered books/_book.html.erb (Duration: 0.3ms | Allocations: 266)
  Rendered books/_book.html.erb (Duration: 0.1ms | Allocations: 35)
  Rendered books/index.html.erb within layouts/application (Duration: 2.7ms | Allocations: 1449)
  Rendered layout layouts/application.html.erb (Duration: 5.2ms | Allocations: 3556)
Completed 200 OK in 6ms (Views: 5.7ms | ActiveRecord: 0.1ms | Allocations: 3827)


Started GET "/books/4" for 127.0.0.1 at 2023-07-26 23:23:51 +0900
Processing by BooksController#show as HTML
  Parameters: {"id"=>"4"}
  [1m[36mBook Load (0.1ms)[0m  [1m[34mSELECT "books".* FROM "books" WHERE "books"."id" = ? LIMIT ?[0m  [["id", 4], ["LIMIT", 1]]
  â†³ app/controllers/books_controller.rb:63:in `set_book'
  Rendering layout layouts/application.html.erb
  Rendering books/show.html.erb within layouts/application
  Rendered books/_book.html.erb (Duration: 0.4ms | Allocations: 268)
  Rendered books/show.html.erb within layouts/application (Duration: 1.7ms | Allocations: 823)
  Rendered layout layouts/application.html.erb (Duration: 3.8ms | Allocations: 2922)
Completed 200 OK in 6ms (Views: 4.3ms | ActiveRecord: 0.1ms | Allocations: 3676)


Started DELETE "/books/4" for 127.0.0.1 at 2023-07-26 23:23:53 +0900
Processing by BooksController#destroy as TURBO_STREAM
  Parameters: {"authenticity_token"=>"[FILTERED]", "id"=>"4"}
  [1m[36mBook Load (0.1ms)[0m  [1m[34mSELECT "books".* FROM "books" WHERE "books"."id" = ? LIMIT ?[0m  [["id", 4], ["LIMIT", 1]]
  â†³ app/controllers/books_controller.rb:63:in `set_book'
  [1m[36mTRANSACTION (0.0ms)[0m  [1m[36mbegin transaction[0m
  â†³ app/controllers/books_controller.rb:52:in `destroy'
  [1m[36mBook Destroy (0.2ms)[0m  [1m[31mDELETE FROM "books" WHERE "books"."id" = ?[0m  [["id", 4]]
  â†³ app/controllers/books_controller.rb:52:in `destroy'
  [1m[36mTRANSACTION (5.0ms)[0m  [1m[36mcommit transaction[0m
  â†³ app/controllers/books_controller.rb:52:in `destroy'
Redirected to http://127.0.0.1:3000/books
Completed 302 Found in 10ms (ActiveRecord: 5.3ms | Allocations: 2617)


Started GET "/books" for 127.0.0.1 at 2023-07-26 23:23:53 +0900
Processing by BooksController#index as TURBO_STREAM
  Rendering layout layouts/application.html.erb
  Rendering books/index.html.erb within layouts/application
  [1m[36mBook Load (0.1ms)[0m  [1m[34mSELECT "books".* FROM "books"[0m
  â†³ app/views/books/index.html.erb:6
  Rendered books/_book.html.erb (Duration: 0.1ms | Allocations: 38)
  Rendered books/_book.html.erb (Duration: 0.0ms | Allocations: 35)
  Rendered books/index.html.erb within layouts/application (Duration: 1.8ms | Allocations: 1102)
  Rendered layout layouts/application.html.erb (Duration: 3.8ms | Allocations: 3209)
Completed 200 OK in 4ms (Views: 4.0ms | ActiveRecord: 0.1ms | Allocations: 3483)


